"../../../Engine/Content/Functions/Engine_MaterialFunctions01/Opacity/CameraDepthFade.uasset" 0
"../../../Engine/Content/EngineMaterials/T_Default_Material_Grid_M.uasset" 1
"../../../Engine/Content/EngineMaterials/T_Default_Material_Grid_N.uasset" 2
"../../../Engine/Content/EngineMaterials/WorldGridMaterial.uasset" 3
"../../../Engine/Content/BasicShapes/Plane.uasset" 4
"../../../Engine/Content/EditorLandscapeResources/DataLayer.uasset" 5
"../../../Engine/Content/EditorMaterials/GizmoMaterial.uasset" 6
"../../../Engine/Content/EditorMaterials/MAT_Groups_Toggle.uasset" 7
"../../../Engine/Content/EditorMaterials/MAT_Groups_Visibility.uasset" 8
"../../../Engine/Content/EditorMaterials/PreviewShadowIndicator.uasset" 9
"../../../Engine/Content/EditorMaterials/PreviewShadowIndicatorMaterial.uasset" 10
"../../../Engine/Content/EditorMaterials/AssetViewer/EpicQuadPanorama_CC+EV1.uasset" 11
"../../../Engine/Content/EditorMaterials/MatineeGroups/MAT_ColorTrack.uasset" 12
"../../../Engine/Content/EditorMaterials/MatineeGroups/MAT_Groups_Anim.uasset" 13
"../../../Engine/Content/EditorMaterials/MatineeGroups/MAT_Groups_AudioMaster.uasset" 14
"../../../Engine/Content/EditorMaterials/MatineeGroups/MAT_Groups_Director.uasset" 15
"../../../Engine/Content/EditorMaterials/MatineeGroups/MAT_Groups_Event.uasset" 16
"../../../Engine/Content/EditorMaterials/MatineeGroups/MAT_Groups_Fade.uasset" 17
"../../../Engine/Content/EditorMaterials/MatineeGroups/MAT_Groups_Float.uasset" 18
"../../../Engine/Content/EditorMaterials/MatineeGroups/MAT_Groups_Move.uasset" 19
"../../../Engine/Content/EditorMaterials/MatineeGroups/MAT_Groups_Slomo.uasset" 20
"../../../Engine/Content/EditorMaterials/MatineeGroups/MAT_Groups_Sound.uasset" 21
"../../../Engine/Content/EditorMaterials/MatineeGroups/MAT_Groups_Vector.uasset" 22
"../../../Engine/Content/EditorMaterials/ParticleSystems/PSysThumbnail_NoImage.uasset" 23
"../../../Engine/Content/EditorMaterials/ParticleSystems/PSysThumbnail_OOD.uasset" 24
"../../../Engine/Content/EditorMaterials/Camera/CineMat.uasset" 25
"../../../Engine/Content/EditorMaterials/Camera/MI_CineMat_Rig.uasset" 26
"../../../Engine/Content/EditorMeshes/Camera/SM_CraneRig_Arm.uasset" 27
"../../../Engine/Content/EditorMeshes/Camera/SM_CraneRig_Base.uasset" 28
"../../../Engine/Content/EditorMeshes/Camera/SM_CraneRig_Body.uasset" 29
"../../../Engine/Content/EditorMeshes/Camera/SM_CraneRig_Mount.uasset" 30
"../../../Engine/Content/EditorMeshes/Camera/SM_RailRig_Mount.uasset" 31
"../../../Engine/Content/EditorMeshes/Camera/SM_RailRig_Track.uasset" 32
"../../../Engine/Content/EditorMeshes/ColorCalibrator/M_ChromeBall.uasset" 33
"../../../Engine/Content/EditorMeshes/ColorCalibrator/M_ClearCoat.uasset" 34
"../../../Engine/Content/EditorMeshes/ColorCalibrator/M_ClearCoatBlack.uasset" 35
"../../../Engine/Content/EditorMeshes/ColorCalibrator/T_ColorGrid.uasset" 36
"../../../Engine/Content/EditorMeshes/ColorCalibrator/M_ColorGrid.uasset" 37
"../../../Engine/Content/EditorMeshes/ColorCalibrator/M_GreyBall.uasset" 38
"../../../Engine/Content/EditorMeshes/ColorCalibrator/SM_ColorCalibrator.uasset" 39
"../../../Engine/Content/EditorResources/BSPVertex.uasset" 40
"../../../Engine/Content/EditorResources/EmptyActor.uasset" 41
"../../../Engine/Content/EditorResources/RGBTable16x1_AssetViewer.uasset" 42
"../../../Engine/Content/EditorResources/S_Actor.uasset" 43
"../../../Engine/Content/EditorResources/S_Trigger.uasset" 44
"../../../Engine/Content/EditorResources/AudioIcons/S_AudioComponent_AutoActivate.uasset" 45
"../../../Engine/Content/EditorResources/LightIcons/S_LightError.uasset" 46
"../../../Engine/Content/EditorResources/SequenceRecorder/Countdown.uasset" 47
"../../../Engine/Content/EditorResources/SequenceRecorder/RecordingIndicator.uasset" 48
"../../../Engine/Content/EditorSounds/Notifications/CompileFailed.uasset" 49
"../../../Engine/Content/EditorSounds/Notifications/CompileFailed_Cue.uasset" 50
"../../../Engine/Content/EditorSounds/Notifications/CompileSuccess.uasset" 51
"../../../Engine/Content/EditorSounds/Notifications/CompileStart_Cue.uasset" 52
"../../../Engine/Content/EditorSounds/Notifications/CompileSuccess_Cue.uasset" 53
"../../../Engine/Content/EngineDamageTypes/DmgTypeBP_Environmental.uasset" 54
"../../../Engine/Content/EngineDebugMaterials/HeatmapGradient.uasset" 55
"../../../Engine/Content/EngineDebugMaterials/BoneWeightMaterial.uasset" 56
"../../../Engine/Content/EngineDebugMaterials/DebugMeshMaterial.uasset" 57
"../../../Engine/Content/EngineDebugMaterials/GeomMaterial.uasset" 58
"../../../Engine/Content/EngineFonts/Faces/RobotoTiny.uasset" 59
"../../../Engine/Content/EngineFonts/RobotoTiny.uasset" 60
"../../../Engine/Content/EngineMaterials/DefaultBokeh.uasset" 61
"../../../Engine/Content/EngineMaterials/DefaultDiffuse.uasset" 62
"../../../Engine/Content/EngineMaterials/DefaultDeferredDecalMaterial.uasset" 63
"../../../Engine/Content/EngineMaterials/DefaultLightFunctionMaterial.uasset" 64
"../../../Engine/Content/Functions/Engine_MaterialFunctions02/Utility/BreakOutFloat2Components.uasset" 65
"../../../Engine/Content/EngineMaterials/DefaultPostProcessMaterial.uasset" 66
"../../../Engine/Content/EngineFonts/RobotoDistanceField.uasset" 67
"../../../Engine/Content/EngineMaterials/DefaultTextMaterialOpaque.uasset" 68
"../../../Engine/Content/EngineMaterials/DefaultWhiteGrid.uasset" 69
"../../../Engine/Content/EngineMaterials/EditorBrushMaterial.uasset" 70
"../../../Engine/Content/EngineMaterials/Good64x64TilingNoiseHighFreq.uasset" 71
"../../../Engine/Content/EngineMaterials/MiniFont.uasset" 72
"../../../Engine/Content/EngineMaterials/InvalidLightmapSettings.uasset" 73
"../../../Engine/Content/EngineMaterials/M_InvalidLightmapSettings.uasset" 74
"../../../Engine/Content/EngineMaterials/PhAT_JointLimitMaterial.uasset" 75
"../../../Engine/Content/EngineMaterials/PreintegratedSkinBRDF.uasset" 76
"../../../Engine/Content/EngineMaterials/RemoveSurfaceMaterial.uasset" 77
"../../../Engine/Content/EngineMaterials/WeightMapPlaceholderTexture.uasset" 78
"../../../Engine/Content/EngineResources/WhiteSquareTexture.uasset" 79
"../../../Engine/Content/EngineMaterials/Widget3DPassThrough.uasset" 80
"../../../Engine/Content/EngineMaterials/Widget3DPassThrough_Masked.uasset" 81
"../../../Engine/Content/EngineMaterials/Widget3DPassThrough_Opaque.uasset" 82
"../../../Engine/Content/EngineMaterials/Widget3DPassThrough_Masked_OneSided.uasset" 83
"../../../Engine/Content/EngineMaterials/Widget3DPassThrough_Opaque_OneSided.uasset" 84
"../../../Engine/Content/EngineMaterials/Widget3DPassThrough_Translucent.uasset" 85
"../../../Engine/Content/EngineMaterials/Widget3DPassThrough_Translucent_OneSided.uasset" 86
"../../../Engine/Content/EngineMaterials/DefaultMaterial.uasset" 87
"../../../Engine/Content/EngineMeshes/Cube.uasset" 88
"../../../Engine/Content/EngineMeshes/Cylinder.uasset" 89
"../../../Engine/Content/EngineMeshes/Sphere.uasset" 90
"../../../Engine/Content/EngineResources/Black.uasset" 91
"../../../Engine/Content/EngineResources/DefaultTexture.uasset" 92
"../../../Engine/Content/EngineResources/DefaultTextureCube.uasset" 93
"../../../Engine/Content/EngineResources/GradientTexture0.uasset" 94
"../../../Engine/Content/EngineSounds/Master.uasset" 95
"../../../Engine/Content/Functions/Engine_MaterialFunctions01/Shading/ConvertFromDiffSpec.uasset" 96
"../../../Engine/Content/Functions/Engine_MaterialFunctions01/Shading/PowerToRoughness.uasset" 97
"../../../Engine/Content/Maps/Templates/Thumbnails/Default.uasset" 98
"../../../Engine/Content/Maps/Templates/Thumbnails/VR-Basic.uasset" 99
"../../../Engine/Content/MobileResources/T_MobileControls_texture.uasset" 100
"../../../Engine/Content/MobileResources/T_MobileMenu2.uasset" 101
"../../../Engine/Content/MobileResources/HUD/AnalogHat.uasset" 102
"../../../Engine/Content/MobileResources/HUD/VirtualJoystick_Background.uasset" 103
"../../../Engine/Content/MobileResources/HUD/VirtualJoystick_Thumb.uasset" 104
"../../../Engine/Content/MobileResources/HUD/DefaultVirtualJoysticks.uasset" 105
"../../../Engine/Content/MobileResources/HUD/LeftVirtualJoystickOnly.uasset" 106
"../../../Engine/Content/MobileResources/HUD/MobileHUDButton1_off.uasset" 107
"../../../Engine/Content/MobileResources/HUD/MobileHUDButton1_on.uasset" 108
"../../../Engine/Content/MobileResources/HUD/MobileHUDButton2_off.uasset" 109
"../../../Engine/Content/MobileResources/HUD/MobileHUDButton2_on.uasset" 110
"../../../Engine/Content/MobileResources/HUD/MobileHUDButton3.uasset" 111
"../../../Engine/Content/MobileResources/HUD/MobileHUDButtonFire.uasset" 112
"../../../Engine/Content/MobileResources/HUD/MobileHUDDirectionPad.uasset" 113
"../../../Engine/Content/MobileResources/HUD/MobileHUDDirectionPad2.uasset" 114
"../../../Engine/Content/MobileResources/HUD/MobileHUDDirectionPad3.uasset" 115
"../../../Engine/Content/MobileResources/HUD/MobileHUDDirectionStick.uasset" 116
"../../../Engine/Content/MobileResources/HUD/T_Castle_ThumbstickInner.uasset" 117
"../../../Engine/Content/MobileResources/HUD/T_Castle_ThumbstickOutter.uasset" 118
"../../../Engine/Content/Tutorial/ContentIntroCurve.uasset" 119
"../../../Engine/Content/Tutorial/Basics/TutorialAssets/icon_tab_Levels_40x.uasset" 120
"../../../Engine/Content/Tutorial/BlueprintTutorials/TutorialAssets/BlueprintInterface_64x.uasset" 121
"../../../Engine/Content/Tutorial/BlueprintTutorials/TutorialAssets/BlueprintMacroLibrary_64x.uasset" 122
"../../../Engine/Content/Tutorial/BlueprintTutorials/TutorialAssets/Blueprint_64x.uasset" 123
"../../../Engine/Content/Tutorial/BlueprintTutorials/TutorialAssets/Tutorial_BP_Interface.uasset" 124
"../../../Engine/Content/Tutorial/Foliage/TutorialAssets/Foliage.uasset" 125
"../../../Engine/Content/Tutorial/Landscape/TutorialAssets/Landscape.uasset" 126
"../../../Engine/Content/Tutorial/Paper2D/TutorialAssets/Paper2DFlipbook_TutorialIcon.uasset" 127
"../../../Engine/Content/Tutorial/Paper2D/TutorialAssets/Paper2DSprite_TutorialIcon.uasset" 128
"../../../Engine/Content/Tutorial/SubEditors/TutorialAssets/icon_Editor_Preferences_General_40x.uasset" 129
"../../../Engine/Content/Tutorial/SubEditors/TutorialAssets/icon_ShowSkeletalMeshes_40x.uasset" 130
"../../../Engine/Content/Tutorial/SubEditors/TutorialAssets/TutorialMaterial.uasset" 131
"../../../Engine/Content/Tutorial/SubEditors/TutorialAssets/T_SmokeSubUV_8X8.uasset" 132
"../../../Engine/Content/Tutorial/SubEditors/TutorialAssets/T_soft_smoke.uasset" 133
"../../../Engine/Content/Tutorial/SubEditors/TutorialAssets/M_smoke_subUV_blackbody.uasset" 134
"../../../Engine/Content/Tutorial/SubEditors/TutorialAssets/TutorialParticleSystem.uasset" 135
"../../../Engine/Content/EditorMeshes/EditorCube.uasset" 136
"../../../Engine/Content/Tutorial/SubEditors/TutorialAssets/Tutorial_DM.uasset" 137
"../../../Engine/Content/VREditor/Devices/Generic/GenericHMDMaterial.uasset" 138
"../../../Engine/Content/VREditor/Devices/Generic/GenericHMD.uasset" 139
"../../../Engine/Content/VREditor/FloatingText/LineMaterial.uasset" 140
"../../../Engine/Content/VREditor/FloatingText/JointSphere.uasset" 141
"../../../Engine/Content/VREditor/FloatingText/LineSegmentCylinder.uasset" 142
"../../../Engine/Content/VREditor/Fonts/VRText_RobotoLarge.uasset" 143
"../../../Engine/Content/VREditor/Fonts/VRTextMaterial.uasset" 144
"../../../Engine/Content/VREditor/Fonts/TranslucentVRTextMaterial.uasset" 145
"../../../Engine/Content/VREditor/LaserPointer/VR_LaserPower_01.uasset" 146
"../../../Engine/Content/VREditor/LaserPointer/LaserPointerMaterial.uasset" 147
"../../../Engine/Content/VREditor/LaserPointer/LaserPointerMaterialInst.uasset" 148
"../../../Engine/Content/VREditor/LaserPointer/TranslucentLaserPointerMaterialInst.uasset" 149
"../../../Engine/Content/VREditor/LaserPointer/LaserPointerMesh.uasset" 150
"../../../Engine/Content/VREditor/Sounds/VR_grab_Cue.uasset" 151
"../../../Engine/Content/VREditor/Sounds/VR_teleport_Cue.uasset" 152
"../../../Engine/Content/VREditor/TransformGizmo/TransformGizmoMaterial.uasset" 153
"../../../Engine/Content/VREditor/TransformGizmo/TranslucentTransformGizmoMaterial.uasset" 154
"../../../Engine/Content/VREditor/TransformGizmo/BoundingBoxCorner.uasset" 155
"../../../Engine/Content/VREditor/TransformGizmo/BoundingBoxEdge.uasset" 156
"../../../Engine/Content/VREditor/TransformGizmo/PlaneTranslationHandle.uasset" 157
"../../../Engine/Content/VREditor/TransformGizmo/RotationHandle.uasset" 158
"../../../Engine/Content/VREditor/TransformGizmo/RotationHandleFull.uasset" 159
"../../../Engine/Content/VREditor/TransformGizmo/StretchingHandle.uasset" 160
"../../../Engine/Content/VREditor/TransformGizmo/TranslateHandleLong.uasset" 161
"../../../Engine/Content/VREditor/TransformGizmo/TranslationHandle.uasset" 162
"../../../Engine/Content/VREditor/TransformGizmo/UniformScaleHandle.uasset" 163
"../../../Engine/Content/VREditor/UI/CloseButtonMesh.uasset" 164
"../../../Engine/Content/VREditor/UI/SelectionBarMesh.uasset" 165
"../../../Engine/Content/Functions/Engine_MaterialFunctions01/Gradient/RadialGradient.uasset" 166
"../../../Engine/Content/VREditor/WorldMovementGrid/SimpleGrid.uasset" 167
"../../../Engine/Content/VREditor/WorldMovementGrid/GridMaterial.uasset" 168
"../../../Engine/Content/Functions/Engine_MaterialFunctions01/Density/ExponentialDensity.uasset" 169
"../../../Engine/Content/VREditor/WorldMovementGrid/GridPostProcess.uasset" 170
"../../../Engine/Content/EditorLandscapeResources/FlattenHeightMat.uasset" 171
"../../../Engine/Content/VREditor/WorldMovementGrid/PlaneMesh.uasset" 172
"../../../BoxAdventure/Content/Mannequin/Character/Mesh/UE4_Mannequin_Skeleton.uasset" 173
"../../../BoxAdventure/Content/Mannequin/Animations/ThirdPerson_Jump.uasset" 174
"../../../BoxAdventure/Content/Mannequin/Animations/ThirdPersonJump_Loop.uasset" 175
"../../../BoxAdventure/Content/Mannequin/Animations/ThirdPersonJump_Start.uasset" 176
"../../../BoxAdventure/Content/Mannequin/Animations/ThirdPersonIdle.uasset" 177
"../../../BoxAdventure/Content/Mannequin/Animations/ThirdPersonRun.uasset" 178
"../../../BoxAdventure/Content/Mannequin/Animations/ThirdPersonWalk.uasset" 179
"../../../BoxAdventure/Content/Mannequin/Animations/ThirdPerson_IdleRun_2D.uasset" 180
"../../../Engine/Content/EditorBlueprintResources/StandardMacros.uasset" 181
"../../../BoxAdventure/Content/Mannequin/Animations/ThirdPerson_AnimBP.uasset" 182
"../../../Engine/Content/Functions/Engine_MaterialFunctions02/Utility/BlendAngleCorrectedNormals.uasset" 183
"../../../Engine/Content/Functions/MaterialLayerFunctions/MatLayerBlend_NormalBlend.uasset" 184
"../../../Engine/Content/Functions/MaterialLayerFunctions/MatLayerBlend_Simple.uasset" 185
"../../../BoxAdventure/Content/Mannequin/Character/Materials/MaterialLayers/T_ML_Rubber_Blue_01_D.uasset" 186
"../../../BoxAdventure/Content/Mannequin/Character/Materials/MaterialLayers/T_ML_Rubber_Blue_01_N.uasset" 187
"../../../BoxAdventure/Content/Mannequin/Character/Materials/MaterialLayers/ML_GlossyBlack_Latex_UE4.uasset" 188
"../../../BoxAdventure/Content/Mannequin/Character/Materials/MaterialLayers/ML_Plastic_Shiny_Beige.uasset" 189
"../../../BoxAdventure/Content/Mannequin/Character/Textures/UE4_LOGO_CARD.uasset" 190
"../../../BoxAdventure/Content/Mannequin/Character/Materials/MaterialLayers/ML_Plastic_Shiny_Beige_LOGO.uasset" 191
"../../../BoxAdventure/Content/Mannequin/Character/Materials/MaterialLayers/T_ML_Aluminum01.uasset" 192
"../../../BoxAdventure/Content/Mannequin/Character/Materials/MaterialLayers/T_ML_Aluminum01_N.uasset" 193
"../../../BoxAdventure/Content/Mannequin/Character/Materials/MaterialLayers/ML_SoftMetal_UE4.uasset" 194
"../../../BoxAdventure/Content/Mannequin/Character/Textures/UE4_Mannequin__normals.uasset" 195
"../../../BoxAdventure/Content/Mannequin/Character/Textures/UE4_Mannequin_MAT_MASKA.uasset" 196
"../../../BoxAdventure/Content/Mannequin/Character/Materials/M_UE4Man_Body.uasset" 197
"../../../BoxAdventure/Content/Mannequin/Character/Textures/UE4Man_Logo_N.uasset" 198
"../../../BoxAdventure/Content/Mannequin/Character/Materials/M_UE4Man_ChestLogo.uasset" 199
"../../../BoxAdventure/Content/Mannequin/Character/Mesh/SK_Mannequin_PhysicsAsset.uasset" 200
"../../../BoxAdventure/Content/Mannequin/Character/Mesh/SK_Mannequin.uasset" 201
"../../../BoxAdventure/Content/ThirdPersonBP/Fonts/LesliesHand.uasset" 202
"../../../BoxAdventure/Content/ThirdPersonBP/Fonts/LesliesHand_Font.uasset" 203
"../../../BoxAdventure/Content/ThirdPersonBP/Blueprints/ESCmenu/ESCmenu.uasset" 204
"../../../BoxAdventure/Content/ThirdPersonBP/Blueprints/ThirdPersonCharacter.uasset" 205
"../../../BoxAdventure/Content/ThirdPersonBP/Blueprints/ThirdPersonGameMode.uasset" 206
"../../../Engine/Plugins/2D/Paper2D/Content/DummySprite.uasset" 207
"../../../Engine/Plugins/2D/Paper2D/Content/DefaultPaperTerrainMaterial.uasset" 208
"../../../Engine/Plugins/2D/Paper2D/Content/DefaultSpriteMaterial.uasset" 209
"../../../Engine/Plugins/2D/Paper2D/Content/MaskedUnlitSpriteMaterial.uasset" 210
"../../../Engine/Plugins/2D/Paper2D/Content/OpaqueUnlitSpriteMaterial.uasset" 211
"../../../Engine/Plugins/2D/Paper2D/Content/PlaceholderTextures/DummySpriteTexture.uasset" 212
"../../../BoxAdventure/Content/StarterContent/Textures/T_Brick_Clay_New_D.uasset" 213
"../../../BoxAdventure/Content/StarterContent/Textures/T_Brick_Clay_New_M.uasset" 214
"../../../BoxAdventure/Content/StarterContent/Textures/T_Brick_Clay_New_N.uasset" 215
"../../../BoxAdventure/Content/StarterContent/Textures/T_Detail_Rocky_N.uasset" 216
"../../../BoxAdventure/Content/StarterContent/Textures/T_MacroVariation.uasset" 217
"../../../BoxAdventure/Content/StarterContent/Materials/M_Brick_Clay_New.uasset" 218
"../../../BoxAdventure/Content/ThirdPersonBP/Maps/City.umap" 219
"../../../BoxAdventure/Content/ThirdPersonBP/BankTycoon/BuyingM.uasset" 220
"../../../Engine/Content/BasicShapes/Cylinder.uasset" 221
"../../../BoxAdventure/Content/ThirdPersonBP/BankTycoon/MoneyMaker.uasset" 222
"../../../BoxAdventure/Content/ThirdPersonBP/Sounds/Notification.uasset" 223
"../../../BoxAdventure/Content/ThirdPersonBP/Notifications.uasset" 224
"../../../BoxAdventure/Content/ThirdPersonBP/BankTycoon/MoneyMaker2.uasset" 225
"../../../BoxAdventure/Content/StarterContent/Materials/M_Metal_Chrome.uasset" 226
"../../../Engine/Content/BasicShapes/Cube.uasset" 227
"../../../BoxAdventure/Content/StarterContent/Materials/M_Basic_Wall.uasset" 228
"../../../BoxAdventure/Content/StarterContent/Shapes/Shape_Cylinder.uasset" 229
"../../../BoxAdventure/Content/ThirdPersonBP/Pickups/GravityCoil.uasset" 230
"../../../BoxAdventure/Content/ThirdPersonBP/Pickups/Sword.uasset" 231
"../../../Engine/Content/EngineFonts/Faces/RobotoBold.uasset" 232
"../../../Engine/Content/EngineFonts/Faces/RobotoBoldItalic.uasset" 233
"../../../Engine/Content/EngineFonts/Faces/RobotoItalic.uasset" 234
"../../../Engine/Content/EngineFonts/Faces/RobotoLight.uasset" 235
"../../../Engine/Content/EngineFonts/Faces/RobotoRegular.uasset" 236
"../../../Engine/Content/EngineFonts/Roboto.uasset" 237
"../../../BoxAdventure/Content/ThirdPersonBP/BankTycoon/VipCode.uasset" 238
"../../../BoxAdventure/Content/StarterContent/Maps/BankTycoon_BuiltData.uasset" 239
"../../../Engine/Content/BasicShapes/BasicShapeMaterial.uasset" 240
"../../../BoxAdventure/Content/StarterContent/Textures/T_Brick_Clay_Beveled_D.uasset" 241
"../../../BoxAdventure/Content/StarterContent/Textures/T_Brick_Clay_Beveled_M.uasset" 242
"../../../BoxAdventure/Content/StarterContent/Textures/T_Brick_Clay_Beveled_N.uasset" 243
"../../../BoxAdventure/Content/StarterContent/Materials/M_Brick_Clay_Beveled.uasset" 244
"../../../BoxAdventure/Content/StarterContent/Textures/T_Ground_Grass_D.uasset" 245
"../../../BoxAdventure/Content/StarterContent/Textures/T_Ground_Grass_N.uasset" 246
"../../../BoxAdventure/Content/StarterContent/Textures/T_Perlin_Noise_M.uasset" 247
"../../../BoxAdventure/Content/StarterContent/Materials/M_Ground_Grass.uasset" 248
"../../../BoxAdventure/Content/StarterContent/Materials/M_Metal_Brushed_Nickel.uasset" 249
"../../../BoxAdventure/Content/StarterContent/Textures/T_Metal_Steel_D.uasset" 250
"../../../BoxAdventure/Content/StarterContent/Textures/T_Metal_Steel_N.uasset" 251
"../../../BoxAdventure/Content/StarterContent/Materials/M_Metal_Steel.uasset" 252
"../../../BoxAdventure/Content/StarterContent/Textures/T_Wood_Walnut_D.uasset" 253
"../../../BoxAdventure/Content/StarterContent/Textures/T_Wood_Walnut_N.uasset" 254
"../../../BoxAdventure/Content/StarterContent/Materials/M_Wood_Walnut.uasset" 255
"../../../BoxAdventure/Content/StarterContent/Textures/T_Rock_Basalt_D.uasset" 256
"../../../BoxAdventure/Content/StarterContent/Textures/T_RockMesh_M.uasset" 257
"../../../BoxAdventure/Content/StarterContent/Textures/T_RockMesh_N.uasset" 258
"../../../BoxAdventure/Content/StarterContent/Props/Materials/M_Rock.uasset" 259
"../../../BoxAdventure/Content/ThirdPersonBP/BankTycoon/ConveyorM.uasset" 260
"../../../Engine/Content/BasicShapes/Sphere.uasset" 261
"../../../BoxAdventure/Content/ThirdPersonBP/BankTycoon/Money.uasset" 262
"../../../BoxAdventure/Content/ThirdPersonBP/BankTycoon/Music_Sound/BankTycoonMusic.uasset" 263
"../../../BoxAdventure/Content/StarterContent/Materials/M_Basic_Floor.uasset" 264
"../../../BoxAdventure/Content/ThirdPersonBP/BankTycoon/StaticMeshes/TycoonClaimDoor.uasset" 265
"../../../BoxAdventure/Content/StarterContent/Maps/BankTycoon.umap" 266
"../../../BoxAdventure/Content/StarterContent/Textures/T_Tech_Hex_Tile_M.uasset" 267
"../../../BoxAdventure/Content/StarterContent/Textures/T_Tech_Hex_Tile_N.uasset" 268
"../../../BoxAdventure/Content/StarterContent/Materials/M_Tech_Hex_Tile.uasset" 269
"../../../Engine/Content/BasicShapes/Cone.uasset" 270
"../../../BoxAdventure/Content/ThirdPersonBP/Pickups/Hat.uasset" 271
"../../../BoxAdventure/Content/StarterContent/Textures/T_Metal_Aluminum_D.uasset" 272
"../../../BoxAdventure/Content/StarterContent/Textures/T_Metal_Gold_N.uasset" 273
"../../../BoxAdventure/Content/StarterContent/Materials/M_Metal_Burnished_Steel.uasset" 274
"../../../BoxAdventure/Content/ThirdPersonBP/Pickups/IronPipe.uasset" 275
"../../../BoxAdventure/Content/StarterContent/Maps/Lobby_BuiltData.uasset" 276
"../../../BoxAdventure/Content/StarterContent/Textures/T_Concrete_Tiles_D.uasset" 277
"../../../BoxAdventure/Content/StarterContent/Textures/T_Concrete_Tiles_M.uasset" 278
"../../../BoxAdventure/Content/StarterContent/Textures/T_Concrete_Tiles_N.uasset" 279
"../../../BoxAdventure/Content/StarterContent/Textures/T_Concrete_Tiles_Variation_M.uasset" 280
"../../../BoxAdventure/Content/StarterContent/Materials/M_Concrete_Tiles.uasset" 281
"../../../BoxAdventure/Content/StarterContent/Textures/T_Wood_Floor_Walnut_D.uasset" 282
"../../../BoxAdventure/Content/StarterContent/Textures/T_Wood_Floor_Walnut_M.uasset" 283
"../../../BoxAdventure/Content/StarterContent/Textures/T_Wood_Floor_Walnut_N.uasset" 284
"../../../BoxAdventure/Content/StarterContent/Materials/M_Wood_Floor_Walnut_Polished.uasset" 285
"../../../BoxAdventure/Content/StarterContent/Maps/Lobby.umap" 286
"../../../BoxAdventure/Content/StarterContent/Maps/Seawars_BuiltData.uasset" 287
"../../../Engine/Content/Functions/Engine_MaterialFunctions03/ComplexMotion/Motion_4WayChaos.uasset" 288
"../../../Engine/Content/Engine_MI_Shaders/T_Base_Tile_Normal.uasset" 289
"../../../Engine/Content/Functions/Engine_MaterialFunctions03/ComplexMotion/Motion_4WayChaos_Normal.uasset" 290
"../../../Engine/Content/MapTemplates/Sky/DaylightAmbientCubemap.uasset" 291
"../../../BoxAdventure/Content/WaterPlane/Lake/Textures/T_SmallWaves_N.uasset" 292
"../../../BoxAdventure/Content/WaterPlane/Ocean/Materials/OceanWater_SS.uasset" 293
"../../../BoxAdventure/Content/WaterPlane/Ocean/Textures/T_LargeWaves_H.uasset" 294
"../../../BoxAdventure/Content/WaterPlane/Ocean/Textures/T_LargeWaves_N.uasset" 295
"../../../BoxAdventure/Content/WaterPlane/Ocean/Textures/T_Seafoam_01.uasset" 296
"../../../BoxAdventure/Content/WaterPlane/Ocean/Materials/M_OceanWater_1.uasset" 297
"../../../Engine/Content/MapTemplates/Sky/Desert_Outer_HDR.uasset" 298
"../../../BoxAdventure/Content/WaterPlane/Ocean/Materials/M_OceanWater_1_Inst.uasset" 299
"../../../Engine/Content/EngineMaterials/DefaultPhysicalMaterial.uasset" 300
"../../../BoxAdventure/Content/ThirdPersonBP/Seawars/Music_Sounds/Waves.uasset" 301
"../../../BoxAdventure/Content/WaterPlane/Box_Brush_StaticMesh.uasset" 302
"../../../BoxAdventure/Content/StarterContent/Maps/Seawars.umap" 303
"../../../Engine/Content/Maps/Entry.umap" 304
"../../../BoxAdventure/Content/Geometry/Meshes/CubeMaterial.uasset" 305
"../../../BoxAdventure/Content/ThirdPersonBP/BankTycoon/GreenZombie.uasset" 306
"../../../BoxAdventure/Content/ThirdPersonBP/NaturalDisasters/Textures/Dirt.uasset" 307
"../../../BoxAdventure/Content/Geometry/Meshes/1M_Cube.uasset" 308
"../../../BoxAdventure/Content/ThirdPersonBP/Danceparty/ColorFloor.uasset" 309
"../../../BoxAdventure/Content/ThirdPersonBP/Maps/Danceparty_BuiltData.uasset" 310
"../../../BoxAdventure/Content/StarterContent/Materials/M_Tech_Hex_Tile_Pulse.uasset" 311
"../../../BoxAdventure/Content/StarterContent/Textures/T_Wood_Pine_D.uasset" 312
"../../../BoxAdventure/Content/StarterContent/Textures/T_Wood_Pine_N.uasset" 313
"../../../BoxAdventure/Content/StarterContent/Materials/M_Wood_Pine.uasset" 314
"../../../BoxAdventure/Content/ThirdPersonBP/Danceparty/DancePartyMix.uasset" 315
"../../../BoxAdventure/Content/ThirdPersonBP/Maps/Danceparty.umap" 316
"../../../BoxAdventure/Content/ThirdPersonBP/Maps/MainMenuLevel_BuiltData.uasset" 317
"../../../BoxAdventure/Content/ThirdPersonBP/Blueprints/MainMenu/Images/danceparty.uasset" 318
"../../../BoxAdventure/Content/ThirdPersonBP/Blueprints/MainMenu/Images/gravestone-psd-436814.uasset" 319
"../../../BoxAdventure/Content/ThirdPersonBP/Blueprints/MainMenu/Images/Island.uasset" 320
"../../../BoxAdventure/Content/ThirdPersonBP/Blueprints/MainMenu/Images/Lobby.uasset" 321
"../../../BoxAdventure/Content/ThirdPersonBP/Blueprints/MainMenu/Loadingscreen.uasset" 322
"../../../BoxAdventure/Content/ThirdPersonBP/Pictures/bank.uasset" 323
"../../../BoxAdventure/Content/ThirdPersonBP/Pictures/Coming-Soon.uasset" 324
"../../../BoxAdventure/Content/ThirdPersonBP/Pictures/sea-water-ocean-waves.uasset" 325
"../../../BoxAdventure/Content/ThirdPersonBP/Blueprints/MainMenu/MainMenu.uasset" 326
"../../../BoxAdventure/Content/ThirdPersonBP/Maps/MainMenuLevel.umap" 327
"../../../Engine/Content/EngineSky/C_Sky_Cloud_Color.uasset" 328
"../../../Engine/Content/EngineSky/C_Sky_Horizon_Color.uasset" 329
"../../../Engine/Content/EngineSky/C_Sky_Zenith_Color.uasset" 330
"../../../Engine/Content/EngineSky/T_Sky_Blue.uasset" 331
"../../../Engine/Content/EngineSky/T_Sky_Clouds_M.uasset" 332
"../../../Engine/Content/EngineSky/T_Sky_Stars.uasset" 333
"../../../Engine/Content/EngineSky/M_Sky_Panning_Clouds2.uasset" 334
"../../../Engine/Content/EngineSky/SM_SkySphere.uasset" 335
"../../../Engine/Content/EngineSky/BP_Sky_Sphere.uasset" 336
"../../../BoxAdventure/Content/WaterPlane/Lake/Textures/T_MediumWaves_H.uasset" 337
"../../../BoxAdventure/Content/WaterPlane/Lake/Textures/T_MediumWaves_N.uasset" 338
"../../../BoxAdventure/Content/WaterPlane/Lake/Materials/M_LakeWater_01.uasset" 339
"../../../BoxAdventure/Content/ThirdPersonBP/NaturalDisasters/Flood/Flood.uasset" 340
"../../../BoxAdventure/Content/ThirdPersonBP/NaturalDisasters/Bird/lambert1.uasset" 341
"../../../BoxAdventure/Content/ThirdPersonBP/NaturalDisasters/Tsunami/TsunamiMesh.uasset" 342
"../../../BoxAdventure/Content/ThirdPersonBP/NaturalDisasters/Tsunami/TsunamiActor.uasset" 343
"../../../BoxAdventure/Content/ThirdPersonBP/NaturalDisasters/Flood/FloodWidget.uasset" 344
"../../../BoxAdventure/Content/ThirdPersonBP/NaturalDisasters/Tsunami/Tsunami.uasset" 345
"../../../BoxAdventure/Content/ThirdPersonBP/NaturalDisasters/Widgets/Parc.uasset" 346
"../../../BoxAdventure/Content/WaterPlane/Ocean/OceanMesh.uasset" 347
"../../../BoxAdventure/Content/ThirdPersonBP/Maps/NaturalDisasters.umap" 348
"../../../BoxAdventure/Content/StarterContent/Textures/T_ground_Moss_D.uasset" 349
"../../../BoxAdventure/Content/StarterContent/Textures/T_Ground_Moss_N.uasset" 350
"../../../BoxAdventure/Content/StarterContent/Materials/M_Ground_Moss.uasset" 351
"../../../BoxAdventure/Content/StarterContent/Textures/T_Wood_Oak_D.uasset" 352
"../../../BoxAdventure/Content/StarterContent/Textures/T_Wood_Oak_N.uasset" 353
"../../../BoxAdventure/Content/StarterContent/Materials/M_Wood_Oak.uasset" 354
"../../../BoxAdventure/Content/ThirdPersonBP/NaturalDisasters/Bird/TexturesBird/initialShadingGroup_Glossiness.uasset" 355
"../../../BoxAdventure/Content/ThirdPersonBP/NaturalDisasters/Bird/TexturesBird/initialShadingGroup_Glossiness_Mat.uasset" 356
"../../../BoxAdventure/Content/ThirdPersonBP/NaturalDisasters/Bird/birdman_PhysicsAsset.uasset" 357
"../../../BoxAdventure/Content/ThirdPersonBP/NaturalDisasters/Bird/birdman_Skeleton.uasset" 358
"../../../BoxAdventure/Content/ThirdPersonBP/NaturalDisasters/Bird/birdman.uasset" 359
"../../../BoxAdventure/Content/ThirdPersonBP/NaturalDisasters/StaticMeshes/Door.uasset" 360
"../../../BoxAdventure/Content/ThirdPersonBP/Maps/Parc.umap" 361
